app/build/intermediates/manifest_merge_blame_file/release/manifest-merger-blame-release-report.txt
1<?xml version="1.0" encoding="utf-8"?>
2<manifest xmlns:android="http://schemas.android.com/apk/res/android"
3    package="com.drgraff.speakkey"
4    android:versionCode="1"
5    android:versionName="1.0" >
6
7    <uses-sdk
8        android:minSdkVersion="24"
9        android:targetSdkVersion="33" />
10
11    <!-- Permissions for internet, audio recording, and Bluetooth -->
12    <uses-permission android:name="android.permission.INTERNET" />
12-->src/main/AndroidManifest.xml:7:5-67
12-->src/main/AndroidManifest.xml:7:22-64
13    <uses-permission android:name="android.permission.RECORD_AUDIO" />
13-->src/main/AndroidManifest.xml:8:5-71
13-->src/main/AndroidManifest.xml:8:22-68
14    <uses-permission android:name="android.permission.BLUETOOTH" />
14-->src/main/AndroidManifest.xml:9:5-68
14-->src/main/AndroidManifest.xml:9:22-65
15    <uses-permission android:name="android.permission.BLUETOOTH_ADMIN" />
15-->src/main/AndroidManifest.xml:10:5-74
15-->src/main/AndroidManifest.xml:10:22-71
16    <uses-permission android:name="android.permission.BLUETOOTH_CONNECT" />
16-->src/main/AndroidManifest.xml:11:5-76
16-->src/main/AndroidManifest.xml:11:22-73
17    <uses-permission android:name="android.permission.BLUETOOTH_SCAN" />
17-->src/main/AndroidManifest.xml:12:5-73
17-->src/main/AndroidManifest.xml:12:22-70
18
19    <permission
19-->[androidx.core:core:1.9.0] AndroidManifest.xml:22:5-24:47
20        android:name="com.drgraff.speakkey.DYNAMIC_RECEIVER_NOT_EXPORTED_PERMISSION"
20-->[androidx.core:core:1.9.0] AndroidManifest.xml:23:9-81
21        android:protectionLevel="signature" />
21-->[androidx.core:core:1.9.0] AndroidManifest.xml:24:9-44
22
23    <uses-permission android:name="com.drgraff.speakkey.DYNAMIC_RECEIVER_NOT_EXPORTED_PERMISSION" />
23-->[androidx.core:core:1.9.0] AndroidManifest.xml:26:5-97
23-->[androidx.core:core:1.9.0] AndroidManifest.xml:26:22-94
24
25    <application
25-->src/main/AndroidManifest.xml:14:5-40:19
26        android:allowBackup="true"
26-->src/main/AndroidManifest.xml:15:9-35
27        android:appComponentFactory="androidx.core.app.CoreComponentFactory"
27-->[androidx.core:core:1.9.0] AndroidManifest.xml:28:18-86
28        android:extractNativeLibs="false"
29        android:icon="@mipmap/ic_launcher"
29-->src/main/AndroidManifest.xml:16:9-43
30        android:label="@string/app_name"
30-->src/main/AndroidManifest.xml:17:9-41
31        android:roundIcon="@mipmap/ic_launcher_round"
31-->src/main/AndroidManifest.xml:18:9-54
32        android:supportsRtl="true"
32-->src/main/AndroidManifest.xml:19:9-35
33        android:theme="@style/Theme.SpeakKey" >
33-->src/main/AndroidManifest.xml:20:9-46
34        <activity
34-->src/main/AndroidManifest.xml:23:9-33:20
35            android:name="com.drgraff.speakkey.MainActivity"
35-->src/main/AndroidManifest.xml:24:13-41
36            android:exported="true"
36-->src/main/AndroidManifest.xml:25:13-36
37            android:label="@string/app_name"
37-->src/main/AndroidManifest.xml:26:13-45
38            android:theme="@style/Theme.SpeakKey.NoActionBar"
38-->src/main/AndroidManifest.xml:27:13-62
39            android:windowSoftInputMode="adjustResize" >
39-->src/main/AndroidManifest.xml:28:13-55
40            <intent-filter>
40-->src/main/AndroidManifest.xml:29:13-32:29
41                <action android:name="android.intent.action.MAIN" />
41-->src/main/AndroidManifest.xml:30:17-69
41-->src/main/AndroidManifest.xml:30:25-66
42
43                <category android:name="android.intent.category.LAUNCHER" />
43-->src/main/AndroidManifest.xml:31:17-77
43-->src/main/AndroidManifest.xml:31:27-74
44            </intent-filter>
45        </activity>
46        <activity
46-->src/main/AndroidManifest.xml:35:9-39:58
47            android:name="com.drgraff.speakkey.settings.SettingsActivity"
47-->src/main/AndroidManifest.xml:36:13-54
48            android:exported="false"
48-->src/main/AndroidManifest.xml:37:13-37
49            android:label="@string/title_activity_settings"
49-->src/main/AndroidManifest.xml:38:13-60
50            android:parentActivityName="com.drgraff.speakkey.MainActivity" />
50-->src/main/AndroidManifest.xml:39:13-55
51
52        <provider
52-->[androidx.emoji2:emoji2:1.2.0] AndroidManifest.xml:24:9-32:20
53            android:name="androidx.startup.InitializationProvider"
53-->[androidx.emoji2:emoji2:1.2.0] AndroidManifest.xml:25:13-67
54            android:authorities="com.drgraff.speakkey.androidx-startup"
54-->[androidx.emoji2:emoji2:1.2.0] AndroidManifest.xml:26:13-68
55            android:exported="false" >
55-->[androidx.emoji2:emoji2:1.2.0] AndroidManifest.xml:27:13-37
56            <meta-data
56-->[androidx.emoji2:emoji2:1.2.0] AndroidManifest.xml:29:13-31:52
57                android:name="androidx.emoji2.text.EmojiCompatInitializer"
57-->[androidx.emoji2:emoji2:1.2.0] AndroidManifest.xml:30:17-75
58                android:value="androidx.startup" />
58-->[androidx.emoji2:emoji2:1.2.0] AndroidManifest.xml:31:17-49
59            <meta-data
59-->[androidx.lifecycle:lifecycle-process:2.4.1] AndroidManifest.xml:31:13-33:52
60                android:name="androidx.lifecycle.ProcessLifecycleInitializer"
60-->[androidx.lifecycle:lifecycle-process:2.4.1] AndroidManifest.xml:32:17-78
61                android:value="androidx.startup" />
61-->[androidx.lifecycle:lifecycle-process:2.4.1] AndroidManifest.xml:33:17-49
62        </provider>
63
64        <uses-library
64-->[androidx.window:window:1.0.0] AndroidManifest.xml:25:9-27:40
65            android:name="androidx.window.extensions"
65-->[androidx.window:window:1.0.0] AndroidManifest.xml:26:13-54
66            android:required="false" />
66-->[androidx.window:window:1.0.0] AndroidManifest.xml:27:13-37
67        <uses-library
67-->[androidx.window:window:1.0.0] AndroidManifest.xml:28:9-30:40
68            android:name="androidx.window.sidecar"
68-->[androidx.window:window:1.0.0] AndroidManifest.xml:29:13-51
69            android:required="false" />
69-->[androidx.window:window:1.0.0] AndroidManifest.xml:30:13-37
70    </application>
71
72</manifest>